<?xml version="1.0" encoding="UTF-8"?>
<!-- Generated by org.testng.reporters.JUnitReportReporter -->
<testsuite hostname="Danishs-MBP" failures="0" tests="1" name="pageobjectstests.NewEmployeeTest" time="21.098" errors="0" timestamp="17 Sep 2021 03:30:31 GMT" skipped="0">
  <testcase classname="pageobjectstests.NewEmployeeTest" name="LogInTest" time="21.098"/>
</testsuite> <!-- pageobjectstests.NewEmployeeTest -->
