<?xml version="1.0" encoding="UTF-8"?>
<!-- Generated by org.testng.reporters.JUnitReportReporter -->
<testsuite hostname="Danishs-MBP" failures="0" tests="1" name="pageobjectstests.HomePageTest" time="14.983" errors="0" timestamp="16 Sep 2021 23:32:15 GMT" skipped="0">
  <testcase classname="pageobjectstests.HomePageTest" name="LogInTest" time="14.983"/>
</testsuite> <!-- pageobjectstests.HomePageTest -->
