<?xml version="1.0" encoding="UTF-8"?>
<!-- Generated by org.testng.reporters.JUnitReportReporter -->
<testsuite hostname="Danishs-MBP" failures="0" tests="1" name="pageobjectstests.HomePageTest" time="13.943" errors="0" timestamp="16 Sep 2021 23:44:39 GMT" skipped="0">
  <testcase classname="pageobjectstests.HomePageTest" name="LogInTest" time="13.943"/>
</testsuite> <!-- pageobjectstests.HomePageTest -->
