<?xml version="1.0" encoding="UTF-8"?>
<!-- Generated by org.testng.reporters.JUnitReportReporter -->
<testsuite hostname="Danishs-MBP" failures="0" tests="1" name="pageobjectstests.ActorIdTests" time="0.976" errors="0" timestamp="17 Sep 2021 03:30:31 GMT" skipped="0">
  <testcase classname="pageobjectstests.ActorIdTests" name="test" time="0.976"/>
</testsuite> <!-- pageobjectstests.ActorIdTests -->
