<?xml version="1.0" encoding="UTF-8"?>
<!-- Generated by org.testng.reporters.JUnitReportReporter -->
<testsuite hostname="Danishs-MBP" failures="0" tests="1" name="pageobjectstests.HomePageTest" time="12.249" errors="0" timestamp="17 Sep 2021 18:14:11 GMT" skipped="0">
  <testcase classname="pageobjectstests.HomePageTest" name="LogInTest" time="12.249"/>
</testsuite> <!-- pageobjectstests.HomePageTest -->
