<?xml version="1.0" encoding="UTF-8"?>
<!-- Generated by org.testng.reporters.JUnitReportReporter -->
<testsuite hostname="Danishs-MBP" failures="0" tests="1" name="pageobjectstests.HomePageTest" time="17.746" errors="0" timestamp="17 Sep 2021 18:10:16 GMT" skipped="0">
  <testcase classname="pageobjectstests.HomePageTest" name="LogInTest" time="17.746"/>
</testsuite> <!-- pageobjectstests.HomePageTest -->
